The system is: Windows - 10.0.21318 - AMD64
Compiling the C compiler identification source file "CMakeCCompilerId.c" succeeded.
Compiler:  
Build flags: ;;/DWIN32;/D_WINDOWS;/W3;/MP;/W3;/wd4355;/wd4996;/wd4800;/w34101;/w34189;/w34018;/w34389
Id flags:  

The output was:
0
.NET Framework 向け Microsoft (R) Build Engine バージョン 16.8.2+25e4d540b
Copyright (C) Microsoft Corporation.All rights reserved.

2021/02/26 11:25:24 にビルドを開始しました。
ノード 1 上のプロジェクト "C:\Users\lunae\Desktop\OptiX\SDK\build\CMakeFiles\3.19.3\CompilerIdC\CompilerIdC.vcxproj" (既定のターゲット)。
PrepareForBuild:
  ディレクトリ "Debug\" を作成しています。
  ディレクトリ "Debug\CompilerIdC.tlog\" を作成しています。
InitializeBuildStatus:
  "AlwaysCreate" が指定されたため "Debug\CompilerIdC.tlog\unsuccessfulbuild" を作成しています。
ClCompile:
  C:\Program Files (x86)\Microsoft Visual Studio\2019\Community\VC\Tools\MSVC\14.28.29333\bin\HostX64\x64\CL.exe /c /nologo /W0 /WX- /diagnostics:column /Od /D _MBCS /Gm- /EHsc /RTC1 /MDd /GS /fp:precise /Zc:wchar_t /Zc:forScope /Zc:inline /Fo"Debug\\" /Fd"Debug\vc142.pdb" /Gd /TC /FC /errorReport:queue CMakeCCompilerId.c
  CMakeCCompilerId.c
Link:
  C:\Program Files (x86)\Microsoft Visual Studio\2019\Community\VC\Tools\MSVC\14.28.29333\bin\HostX64\x64\link.exe /ERRORREPORT:QUEUE /OUT:".\CompilerIdC.exe" /INCREMENTAL:NO /NOLOGO kernel32.lib user32.lib gdi32.lib winspool.lib comdlg32.lib advapi32.lib shell32.lib ole32.lib oleaut32.lib uuid.lib odbc32.lib odbccp32.lib /MANIFEST /MANIFESTUAC:"level='asInvoker' uiAccess='false'" /manifest:embed /PDB:".\CompilerIdC.pdb" /SUBSYSTEM:CONSOLE /TLBID:1 /DYNAMICBASE /NXCOMPAT /IMPLIB:".\CompilerIdC.lib" /MACHINE:X64 Debug\CMakeCCompilerId.obj
  CompilerIdC.vcxproj -> C:\Users\lunae\Desktop\OptiX\SDK\build\CMakeFiles\3.19.3\CompilerIdC\CompilerIdC.exe
PostBuildEvent:
  for %%i in (cl.exe) do @echo CMAKE_C_COMPILER=%%~$PATH:i
  :VCEnd
  CMAKE_C_COMPILER=C:\Program Files (x86)\Microsoft Visual Studio\2019\Community\VC\Tools\MSVC\14.28.29333\bin\Hostx64\x64\cl.exe
FinalizeBuildStatus:
  ファイル "Debug\CompilerIdC.tlog\unsuccessfulbuild" を削除しています。
  "Debug\CompilerIdC.tlog\CompilerIdC.lastbuildstate" のタッチ タスクを実行しています。
プロジェクト "C:\Users\lunae\Desktop\OptiX\SDK\build\CMakeFiles\3.19.3\CompilerIdC\CompilerIdC.vcxproj" (既定のターゲット) のビルドが完了しました。

ビルドに成功しました。
    0 個の警告
    0 エラー

経過時間 00:00:02.13


Compilation of the C compiler identification source "CMakeCCompilerId.c" produced "CompilerIdC.exe"

Compilation of the C compiler identification source "CMakeCCompilerId.c" produced "CompilerIdC.vcxproj"

The C compiler identification is MSVC, found in "C:/Users/lunae/Desktop/OptiX/SDK/build/CMakeFiles/3.19.3/CompilerIdC/CompilerIdC.exe"

Compiling the CXX compiler identification source file "CMakeCXXCompilerId.cpp" succeeded.
Compiler:  
Build flags: ;;/DWIN32;/D_WINDOWS;/W3;/GR;/EHsc;/MP;/W3;/wd4355;/wd4996;/wd4800;/w34101;/w34189;/w34018;/w34389
Id flags:  

The output was:
0
.NET Framework 向け Microsoft (R) Build Engine バージョン 16.8.2+25e4d540b
Copyright (C) Microsoft Corporation.All rights reserved.

2021/02/26 11:25:27 にビルドを開始しました。
ノード 1 上のプロジェクト "C:\Users\lunae\Desktop\OptiX\SDK\build\CMakeFiles\3.19.3\CompilerIdCXX\CompilerIdCXX.vcxproj" (既定のターゲット)。
PrepareForBuild:
  ディレクトリ "Debug\" を作成しています。
  ディレクトリ "Debug\CompilerIdCXX.tlog\" を作成しています。
InitializeBuildStatus:
  "AlwaysCreate" が指定されたため "Debug\CompilerIdCXX.tlog\unsuccessfulbuild" を作成しています。
ClCompile:
  C:\Program Files (x86)\Microsoft Visual Studio\2019\Community\VC\Tools\MSVC\14.28.29333\bin\HostX64\x64\CL.exe /c /nologo /W0 /WX- /diagnostics:column /Od /D _MBCS /Gm- /EHsc /RTC1 /MDd /GS /fp:precise /Zc:wchar_t /Zc:forScope /Zc:inline /Fo"Debug\\" /Fd"Debug\vc142.pdb" /Gd /TP /FC /errorReport:queue CMakeCXXCompilerId.cpp
  CMakeCXXCompilerId.cpp
Link:
  C:\Program Files (x86)\Microsoft Visual Studio\2019\Community\VC\Tools\MSVC\14.28.29333\bin\HostX64\x64\link.exe /ERRORREPORT:QUEUE /OUT:".\CompilerIdCXX.exe" /INCREMENTAL:NO /NOLOGO kernel32.lib user32.lib gdi32.lib winspool.lib comdlg32.lib advapi32.lib shell32.lib ole32.lib oleaut32.lib uuid.lib odbc32.lib odbccp32.lib /MANIFEST /MANIFESTUAC:"level='asInvoker' uiAccess='false'" /manifest:embed /PDB:".\CompilerIdCXX.pdb" /SUBSYSTEM:CONSOLE /TLBID:1 /DYNAMICBASE /NXCOMPAT /IMPLIB:".\CompilerIdCXX.lib" /MACHINE:X64 Debug\CMakeCXXCompilerId.obj
  CompilerIdCXX.vcxproj -> C:\Users\lunae\Desktop\OptiX\SDK\build\CMakeFiles\3.19.3\CompilerIdCXX\CompilerIdCXX.exe
PostBuildEvent:
  for %%i in (cl.exe) do @echo CMAKE_CXX_COMPILER=%%~$PATH:i
  :VCEnd
  CMAKE_CXX_COMPILER=C:\Program Files (x86)\Microsoft Visual Studio\2019\Community\VC\Tools\MSVC\14.28.29333\bin\Hostx64\x64\cl.exe
FinalizeBuildStatus:
  ファイル "Debug\CompilerIdCXX.tlog\unsuccessfulbuild" を削除しています。
  "Debug\CompilerIdCXX.tlog\CompilerIdCXX.lastbuildstate" のタッチ タスクを実行しています。
プロジェクト "C:\Users\lunae\Desktop\OptiX\SDK\build\CMakeFiles\3.19.3\CompilerIdCXX\CompilerIdCXX.vcxproj" (既定のターゲット) のビルドが完了しました。

ビルドに成功しました。
    0 個の警告
    0 エラー

経過時間 00:00:00.92


Compilation of the CXX compiler identification source "CMakeCXXCompilerId.cpp" produced "CompilerIdCXX.exe"

Compilation of the CXX compiler identification source "CMakeCXXCompilerId.cpp" produced "CompilerIdCXX.vcxproj"

The CXX compiler identification is MSVC, found in "C:/Users/lunae/Desktop/OptiX/SDK/build/CMakeFiles/3.19.3/CompilerIdCXX/CompilerIdCXX.exe"

Detecting C compiler ABI info compiled with the following output:
Change Dir: C:/Users/lunae/Desktop/OptiX/SDK/build/CMakeFiles/CMakeTmp

Run Build Command(s):C:/Program Files (x86)/Microsoft Visual Studio/2019/Community/MSBuild/Current/Bin/MSBuild.exe cmTC_32f9c.vcxproj /p:Configuration=Debug /p:Platform=x64 /p:VisualStudioVersion=16.0 /v:m && .NET Framework 向け Microsoft (R) Build Engine バージョン 16.8.2+25e4d540b
Copyright (C) Microsoft Corporation.All rights reserved.

  Microsoft(R) C/C++ Optimizing Compiler Version 19.28.29334 for x64
  Copyright (C) Microsoft Corporation.  All rights reserved.
  CMakeCCompilerABI.c
  cl /c /Zi /W3 /WX- /diagnostics:column /MP /Od /Ob0 /D WIN32 /D _WINDOWS /D "CMAKE_INTDIR=\"Debug\"" /D _MBCS /Gm- /RTC1 /MDd /GS /fp:precise /Zc:wchar_t /Zc:forScope /Zc:inline /Fo"cmTC_32f9c.dir\Debug\\" /Fd"cmTC_32f9c.dir\Debug\vc142.pdb" /Gd /TC /wd4355 /wd4996 /wd4800 /errorReport:queue  /w34101 /w34189 /w34018 /w34389 "C:\Program Files\CMake\share\cmake-3.19\Modules\CMakeCCompilerABI.c"
  cmTC_32f9c.vcxproj -> C:\Users\lunae\Desktop\OptiX\SDK\build\CMakeFiles\CMakeTmp\Debug\cmTC_32f9c.exe



Detecting CXX compiler ABI info compiled with the following output:
Change Dir: C:/Users/lunae/Desktop/OptiX/SDK/build/CMakeFiles/CMakeTmp

Run Build Command(s):C:/Program Files (x86)/Microsoft Visual Studio/2019/Community/MSBuild/Current/Bin/MSBuild.exe cmTC_10301.vcxproj /p:Configuration=Debug /p:Platform=x64 /p:VisualStudioVersion=16.0 /v:m && .NET Framework 向け Microsoft (R) Build Engine バージョン 16.8.2+25e4d540b
Copyright (C) Microsoft Corporation.All rights reserved.

  Microsoft(R) C/C++ Optimizing Compiler Version 19.28.29334 for x64
  Copyright (C) Microsoft Corporation.  All rights reserved.
  CMakeCXXCompilerABI.cpp
  cl /c /Zi /W3 /WX- /diagnostics:column /MP /Od /Ob0 /D WIN32 /D _WINDOWS /D "CMAKE_INTDIR=\"Debug\"" /D _MBCS /Gm- /EHsc /RTC1 /MDd /GS /fp:precise /Zc:wchar_t /Zc:forScope /Zc:inline /GR /Fo"cmTC_10301.dir\Debug\\" /Fd"cmTC_10301.dir\Debug\vc142.pdb" /Gd /TP /wd4355 /wd4996 /wd4800 /errorReport:queue  /w34101 /w34189 /w34018 /w34389 "C:\Program Files\CMake\share\cmake-3.19\Modules\CMakeCXXCompilerABI.cpp"
  cmTC_10301.vcxproj -> C:\Users\lunae\Desktop\OptiX\SDK\build\CMakeFiles\CMakeTmp\Debug\cmTC_10301.exe



